{
  "RSpec": {
    "coverage": {
      "/home/erick/Workspace/Current/ES/Projeto/CAMAAR/spec/rails_helper.rb": {
        "lines": [
          1,
          1,
          null,
          null,
          1,
          1,
          1,
          null,
          1,
          null,
          null,
          null,
          1,
          null,
          null,
          null,
          null,
          null,
          null,
          null,
          null,
          null,
          null,
          null,
          null,
          null,
          null,
          null,
          null,
          null,
          null,
          null,
          null,
          null,
          null,
          null,
          null,
          1,
          null,
          0,
          null,
          1,
          null,
          1,
          null,
          null,
          null,
          null,
          null,
          null,
          1,
          null,
          null,
          null,
          null,
          null,
          null,
          null,
          null,
          null,
          null,
          null,
          null,
          null,
          null,
          null,
          null,
          null,
          null,
          null,
          null,
          null,
          null,
          1,
          null,
          null,
          null,
          null,
          1,
          1,
          null,
          null,
          1,
          1,
          38,
          null,
          null,
          null,
          1,
          1,
          null,
          null
        ]
      },
      "/home/erick/Workspace/Current/ES/Projeto/CAMAAR/config/environment.rb": {
        "lines": [
          null,
          1,
          null,
          null,
          1
        ]
      },
      "/home/erick/Workspace/Current/ES/Projeto/CAMAAR/config/application.rb": {
        "lines": [
          1,
          null,
          1,
          null,
          null,
          null,
          1,
          null,
          null,
          1,
          1,
          null,
          1,
          null,
          null,
          null,
          null,
          1,
          null,
          null,
          null,
          null,
          null,
          null,
          null,
          null,
          null,
          null
        ]
      },
      "/home/erick/Workspace/Current/ES/Projeto/CAMAAR/config/boot.rb": {
        "lines": [
          1,
          null,
          1,
          1
        ]
      },
      "/home/erick/Workspace/Current/ES/Projeto/CAMAAR/config/environments/test.rb": {
        "lines": [
          null,
          null,
          null,
          null,
          null,
          1,
          null,
          1,
          1,
          null,
          null,
          null,
          null,
          1,
          null,
          null,
          null,
          null,
          null,
          1,
          null,
          null,
          1,
          null,
          null,
          1,
          1,
          null,
          null,
          1,
          null,
          null,
          1,
          null,
          null,
          1,
          null,
          null,
          null,
          null,
          1,
          null,
          null,
          1,
          null,
          null,
          1,
          null,
          null,
          null,
          null,
          null,
          null,
          null,
          null,
          1,
          null
        ]
      },
      "/home/erick/Workspace/Current/ES/Projeto/CAMAAR/config/initializers/assets.rb": {
        "lines": [
          null,
          null,
          null,
          1,
          null,
          null,
          null
        ]
      },
      "/home/erick/Workspace/Current/ES/Projeto/CAMAAR/config/initializers/content_security_policy.rb": {
        "lines": [
          null,
          null,
          null,
          null,
          null,
          null,
          null,
          null,
          null,
          null,
          null,
          null,
          null,
          null,
          null,
          null,
          null,
          null,
          null,
          null,
          null,
          null,
          null,
          null,
          null
        ]
      },
      "/home/erick/Workspace/Current/ES/Projeto/CAMAAR/config/initializers/filter_parameter_logging.rb": {
        "lines": [
          null,
          null,
          null,
          null,
          null,
          1,
          null,
          null
        ]
      },
      "/home/erick/Workspace/Current/ES/Projeto/CAMAAR/config/initializers/inflections.rb": {
        "lines": [
          null,
          null,
          null,
          null,
          null,
          null,
          null,
          null,
          null,
          null,
          null,
          null,
          null,
          null,
          null,
          null
        ]
      },
      "/home/erick/Workspace/Current/ES/Projeto/CAMAAR/config/initializers/session_store.rb": {
        "lines": []
      },
      "/home/erick/Workspace/Current/ES/Projeto/CAMAAR/spec/factories/departamento.rb": {
        "lines": [
          1,
          1,
          9,
          9,
          null,
          null
        ]
      },
      "/home/erick/Workspace/Current/ES/Projeto/CAMAAR/spec/factories/materia.rb": {
        "lines": [
          1,
          1,
          5,
          5,
          1,
          null,
          null
        ]
      },
      "/home/erick/Workspace/Current/ES/Projeto/CAMAAR/spec/factories/template.rb": {
        "lines": [
          1,
          1,
          5,
          5,
          5,
          null,
          null
        ]
      },
      "/home/erick/Workspace/Current/ES/Projeto/CAMAAR/spec/factories/turma.rb": {
        "lines": [
          1,
          1,
          5,
          5,
          1,
          null,
          null
        ]
      },
      "/home/erick/Workspace/Current/ES/Projeto/CAMAAR/spec/factories/users.rb": {
        "lines": [
          null,
          null,
          null,
          null,
          1,
          1,
          null,
          12,
          null,
          null,
          20,
          null,
          null,
          19,
          null,
          null,
          20,
          null,
          null,
          20,
          null,
          null
        ]
      },
      "/home/erick/Workspace/Current/ES/Projeto/CAMAAR/app/helpers/application_helper.rb": {
        "lines": [
          null,
          null,
          null,
          null,
          null,
          1,
          null
        ]
      },
      "/home/erick/Workspace/Current/ES/Projeto/CAMAAR/app/helpers/formularios_helper.rb": {
        "lines": [
          null,
          null,
          null,
          null,
          null,
          1,
          null
        ]
      },
      "/home/erick/Workspace/Current/ES/Projeto/CAMAAR/app/helpers/password_resets_helper.rb": {
        "lines": [
          null,
          null,
          null,
          null,
          null,
          1,
          null
        ]
      },
      "/home/erick/Workspace/Current/ES/Projeto/CAMAAR/app/helpers/passwords_set_helper.rb": {
        "lines": [
          null,
          null,
          null,
          null,
          null,
          1,
          null
        ]
      },
      "/home/erick/Workspace/Current/ES/Projeto/CAMAAR/spec/controllers/data_import_controller_spec.rb": {
        "lines": [
          1,
          null,
          1,
          1,
          1,
          1,
          1,
          1,
          null,
          null,
          null,
          1,
          2,
          2,
          null,
          1,
          1,
          1,
          null,
          1,
          1,
          null,
          null,
          null,
          1,
          1,
          1,
          null,
          1,
          1,
          null,
          null,
          null,
          1,
          2,
          2,
          null,
          1,
          1,
          null,
          1,
          1,
          null,
          null,
          null,
          null
        ]
      },
      "/home/erick/Workspace/Current/ES/Projeto/CAMAAR/app/controllers/data_import_controller.rb": {
        "lines": [
          null,
          null,
          null,
          1,
          null,
          1,
          null,
          null,
          null,
          null,
          null,
          null,
          null,
          null,
          null,
          null,
          null,
          null,
          null,
          1,
          3,
          3,
          null,
          2,
          1,
          1,
          null,
          1,
          null,
          null,
          1,
          null,
          3,
          null,
          null,
          1,
          null,
          null,
          null,
          null,
          null,
          null,
          null,
          null,
          null,
          null,
          null,
          1,
          1,
          3,
          3,
          0,
          0,
          null,
          null,
          null,
          null,
          null,
          null,
          null,
          null,
          null,
          null,
          null,
          null,
          null,
          null,
          1,
          3,
          3,
          null,
          3,
          3,
          3,
          null,
          null,
          null,
          null,
          null,
          null,
          null,
          null,
          null,
          null,
          null,
          null,
          null,
          1,
          0,
          0,
          null,
          0,
          0,
          null,
          null,
          0,
          0,
          null,
          null,
          0,
          0,
          0,
          0,
          null,
          null,
          0,
          0,
          0,
          0,
          0,
          null,
          null,
          null,
          null
        ]
      },
      "/home/erick/Workspace/Current/ES/Projeto/CAMAAR/app/controllers/application_controller.rb": {
        "lines": [
          null,
          null,
          null,
          null,
          null,
          null,
          1,
          null,
          1,
          null
        ]
      },
      "/home/erick/Workspace/Current/ES/Projeto/CAMAAR/spec/controllers/gerenciamento_controller_spec.rb": {
        "lines": [
          1,
          null,
          null,
          null,
          null,
          null,
          null,
          null,
          null,
          null,
          null,
          null,
          null,
          null,
          null,
          null,
          null,
          null,
          null,
          null,
          null,
          null,
          null,
          null,
          null,
          null,
          null,
          null,
          null,
          null,
          null,
          null,
          null,
          null,
          null,
          null,
          null,
          null,
          null,
          null,
          null,
          null,
          null,
          null,
          null,
          null,
          null,
          null,
          null,
          null,
          null,
          null,
          null,
          null,
          null,
          null,
          null,
          null,
          null,
          null
        ]
      },
      "/home/erick/Workspace/Current/ES/Projeto/CAMAAR/spec/controllers/password_resets_controller_spec.rb": {
        "lines": [
          1,
          null,
          1,
          1,
          2,
          null,
          1,
          1,
          null,
          1,
          1,
          1,
          null,
          null,
          null,
          null,
          1,
          1,
          1,
          1,
          null,
          1,
          1,
          null,
          null,
          null,
          null
        ]
      },
      "/home/erick/Workspace/Current/ES/Projeto/CAMAAR/app/controllers/password_resets_controller.rb": {
        "lines": [
          null,
          null,
          null,
          1,
          null,
          null,
          null,
          null,
          null,
          null,
          null,
          1,
          null,
          null,
          null,
          null,
          null,
          null,
          null,
          null,
          null,
          1,
          2,
          2,
          1,
          1,
          1,
          null,
          1,
          1,
          null,
          null,
          null,
          null,
          null,
          null,
          null,
          null,
          null,
          null,
          1,
          6,
          6,
          5,
          null,
          1,
          null,
          null,
          null,
          null,
          null,
          null,
          null,
          null,
          null,
          null,
          1,
          5,
          null,
          5,
          5,
          5,
          1,
          1,
          4,
          3,
          3,
          3,
          null,
          1,
          1,
          null,
          null,
          0,
          null,
          null,
          null
        ]
      },
      "/home/erick/Workspace/Current/ES/Projeto/CAMAAR/spec/controllers/register_controller_spec.rb": {
        "lines": [
          1,
          null,
          1,
          null,
          3,
          null,
          null,
          1,
          1,
          1,
          null,
          null,
          null,
          1,
          1,
          null,
          1,
          1,
          null,
          1,
          1,
          null,
          null,
          null,
          1,
          1,
          null,
          1,
          1,
          null,
          1,
          null,
          null,
          null,
          1,
          1,
          null,
          1,
          1,
          null,
          1,
          1,
          null,
          1,
          1,
          1,
          1,
          1,
          null,
          1,
          null,
          null,
          1,
          1,
          null,
          null,
          null,
          1,
          1,
          1,
          null,
          1,
          null,
          null
        ]
      },
      "/home/erick/Workspace/Current/ES/Projeto/CAMAAR/spec/features/create_form_spec.rb": {
        "lines": [
          1,
          null,
          1,
          null,
          5,
          5,
          5,
          null,
          1,
          null,
          null,
          null,
          null,
          null,
          null,
          null,
          null,
          1,
          1,
          1,
          1,
          1,
          1,
          null,
          null,
          null,
          1,
          1,
          1,
          1,
          1,
          1,
          null,
          1,
          1,
          null,
          null,
          null,
          1,
          1,
          1,
          1,
          1,
          null,
          1,
          1,
          null,
          null,
          null,
          1,
          1,
          null,
          1,
          1,
          null,
          1,
          1,
          1,
          null,
          null
        ]
      },
      "/home/erick/Workspace/Current/ES/Projeto/CAMAAR/spec/features/password_reset_spec.rb": {
        "lines": [
          1,
          null,
          1,
          7,
          7,
          null,
          null,
          1,
          6,
          null,
          null,
          null,
          1,
          5,
          5,
          null,
          null,
          null,
          1,
          5,
          null,
          null,
          null,
          1,
          3,
          3,
          3,
          null,
          3,
          null,
          null,
          null,
          1,
          1,
          1,
          null,
          null,
          null,
          1,
          1,
          1,
          null,
          null,
          null,
          1,
          1,
          1,
          null,
          null,
          null,
          1,
          1,
          1,
          null,
          1,
          null,
          null,
          null,
          1,
          1,
          1,
          1,
          null,
          1,
          1,
          null,
          null,
          null,
          1,
          1,
          1,
          1,
          null,
          1,
          2,
          null,
          null,
          null,
          1,
          null,
          1,
          null,
          1,
          null,
          1,
          1,
          null,
          null
        ]
      },
      "/home/erick/Workspace/Current/ES/Projeto/CAMAAR/spec/features/sigin_spec.rb": {
        "lines": [
          1,
          null,
          1,
          4,
          null,
          null,
          1,
          1,
          1,
          1,
          1,
          null,
          1,
          null,
          null,
          null,
          1,
          1,
          1,
          1,
          1,
          null,
          1,
          null,
          null,
          null,
          1,
          1,
          1,
          1,
          1,
          null,
          1,
          null,
          null,
          null,
          1,
          1,
          1,
          1,
          1,
          null,
          1,
          null,
          null
        ]
      },
      "/home/erick/Workspace/Current/ES/Projeto/CAMAAR/spec/helpers/formularios_helper_spec.rb": {
        "lines": [
          1,
          null,
          null,
          null,
          null,
          null,
          null,
          null,
          null,
          null,
          null,
          null,
          1,
          1,
          null
        ]
      },
      "/home/erick/Workspace/Current/ES/Projeto/CAMAAR/spec/mailers/user_mailer_spec.rb": {
        "lines": [
          1,
          null,
          1,
          1,
          4,
          4,
          4,
          null,
          1,
          1,
          null,
          null,
          1,
          1,
          null,
          null,
          1,
          1,
          null,
          null,
          null,
          1,
          4,
          4,
          4,
          null,
          1,
          1,
          1,
          1,
          null,
          null,
          1,
          1,
          null,
          null,
          1,
          1,
          null,
          null,
          null
        ]
      },
      "/home/erick/Workspace/Current/ES/Projeto/CAMAAR/app/mailers/user_mailer.rb": {
        "lines": [
          null,
          1,
          1,
          null,
          null,
          null,
          null,
          null,
          null,
          null,
          null,
          null,
          1,
          4,
          4,
          4,
          4,
          null,
          null,
          null,
          null,
          null,
          null,
          null,
          null,
          null,
          null,
          1,
          3,
          3,
          3,
          3,
          null,
          null,
          null,
          null,
          null,
          null,
          null,
          null,
          null,
          null,
          1,
          2,
          2,
          2,
          null,
          null
        ]
      },
      "/home/erick/Workspace/Current/ES/Projeto/CAMAAR/app/mailers/application_mailer.rb": {
        "lines": [
          null,
          null,
          null,
          null,
          null,
          null,
          null,
          null,
          null,
          null,
          1,
          1,
          1,
          null
        ]
      },
      "/home/erick/Workspace/Current/ES/Projeto/CAMAAR/spec/models/formulario_spec.rb": {
        "lines": [
          1,
          null,
          1,
          1,
          null
        ]
      },
      "/home/erick/Workspace/Current/ES/Projeto/CAMAAR/app/models/formulario.rb": {
        "lines": [
          null,
          null,
          null,
          null,
          1,
          null
        ]
      },
      "/home/erick/Workspace/Current/ES/Projeto/CAMAAR/app/models/application_record.rb": {
        "lines": [
          null,
          null,
          null,
          null,
          1,
          1,
          null
        ]
      },
      "/home/erick/Workspace/Current/ES/Projeto/CAMAAR/spec/requests/formularios_spec.rb": {
        "lines": [
          1,
          null,
          1,
          1,
          1,
          1,
          1,
          null,
          null,
          null,
          1,
          1,
          1,
          1,
          null,
          null,
          null,
          null
        ]
      },
      "/home/erick/Workspace/Current/ES/Projeto/CAMAAR/spec/views/formularios/create.html.erb_spec.rb": {
        "lines": [
          1,
          null,
          1,
          1,
          null
        ]
      },
      "/home/erick/Workspace/Current/ES/Projeto/CAMAAR/spec/views/formularios/new.html.erb_spec.rb": {
        "lines": [
          1,
          null,
          1,
          1,
          null
        ]
      },
      "/home/erick/Workspace/Current/ES/Projeto/CAMAAR/spec/views/gerenciamento/index.html.erb_spec.rb": {
        "lines": [
          1,
          null,
          1,
          1,
          1,
          null,
          1,
          1,
          1,
          1,
          1,
          null,
          null,
          1,
          1,
          null,
          1,
          1,
          null,
          null
        ]
      },
      "/home/erick/Workspace/Current/ES/Projeto/CAMAAR/spec/views/gerenciamento/new_form.html.erb_spec.rb": {
        "lines": [
          1,
          null,
          1,
          3,
          1,
          null,
          2,
          null,
          null,
          1,
          null,
          2,
          null,
          null,
          null,
          1,
          2,
          2,
          2,
          null,
          null,
          1,
          1,
          null,
          1,
          1,
          1,
          1,
          null,
          null,
          null,
          1,
          1,
          1,
          null,
          null,
          null,
          null,
          1,
          1,
          1,
          1,
          null,
          null,
          null
        ]
      },
      "/home/erick/Workspace/Current/ES/Projeto/CAMAAR/app/models/user.rb": {
        "lines": [
          null,
          null,
          null,
          null,
          null,
          null,
          null,
          null,
          null,
          null,
          null,
          null,
          null,
          null,
          null,
          null,
          null,
          null,
          null,
          null,
          null,
          null,
          null,
          1,
          1,
          null,
          null,
          1,
          1,
          1,
          1,
          1,
          1,
          null,
          null,
          1,
          null,
          null,
          1,
          0,
          0,
          null,
          null,
          null,
          1,
          0,
          0,
          null,
          null
        ]
      },
      "/home/erick/Workspace/Current/ES/Projeto/CAMAAR/config/routes.rb": {
        "lines": [
          1,
          null,
          null,
          null,
          null,
          1,
          null,
          null,
          1,
          null,
          1,
          null,
          null,
          1,
          1,
          null,
          1,
          1,
          1,
          null,
          1,
          1,
          1,
          1,
          1,
          null,
          null,
          1,
          1,
          null,
          1,
          1,
          null,
          null,
          1,
          1,
          1,
          1,
          null,
          null,
          null,
          1,
          1,
          1,
          null,
          null,
          null,
          1,
          null,
          1,
          1,
          null,
          null,
          1,
          null,
          1,
          null,
          null,
          null,
          null,
          null,
          null,
          null,
          null,
          null
        ]
      },
      "/home/erick/Workspace/Current/ES/Projeto/CAMAAR/app/models/departamento.rb": {
        "lines": [
          null,
          null,
          null,
          null,
          null,
          null,
          null,
          1,
          1,
          1,
          null
        ]
      },
      "/home/erick/Workspace/Current/ES/Projeto/CAMAAR/app/models/materia.rb": {
        "lines": [
          null,
          null,
          null,
          null,
          null,
          null,
          null,
          null,
          null,
          1,
          1,
          null,
          1,
          1,
          null
        ]
      },
      "/home/erick/Workspace/Current/ES/Projeto/CAMAAR/app/models/password_reset_token.rb": {
        "lines": [
          null,
          1,
          null,
          1,
          null,
          null,
          1,
          null,
          null,
          null,
          null,
          null,
          null,
          1,
          11,
          null,
          null,
          1,
          null,
          null,
          1,
          7,
          null,
          null,
          null,
          1,
          7,
          null,
          null
        ]
      },
      "/home/erick/Workspace/Current/ES/Projeto/CAMAAR/app/controllers/register_controller.rb": {
        "lines": [
          null,
          null,
          null,
          1,
          null,
          null,
          null,
          null,
          null,
          null,
          null,
          1,
          5,
          5,
          null,
          null,
          null,
          null,
          null,
          null,
          null,
          null,
          null,
          1,
          3,
          3,
          3,
          1,
          null,
          2,
          2,
          null,
          2,
          2,
          2,
          null,
          null,
          null,
          null,
          null,
          null,
          null,
          null,
          null,
          null,
          null,
          1,
          2,
          null,
          2,
          1,
          null,
          1,
          null,
          null,
          null,
          null,
          null,
          null,
          null,
          null,
          null,
          null,
          1,
          1,
          null,
          1,
          0,
          0,
          null,
          null,
          1,
          1,
          1,
          1,
          null,
          1,
          1,
          null,
          1,
          1,
          1,
          null,
          null,
          null
        ]
      },
      "/home/erick/Workspace/Current/ES/Projeto/CAMAAR/app/models/registration_token.rb": {
        "lines": [
          null,
          1,
          null,
          1,
          1,
          null,
          null,
          1,
          null,
          1,
          null,
          null,
          1,
          2,
          null,
          null
        ]
      },
      "/home/erick/Workspace/Current/ES/Projeto/CAMAAR/app/controllers/avaliacoes_controller.rb": {
        "lines": [
          null,
          1,
          null,
          1,
          10,
          null,
          null,
          null,
          1,
          0,
          null,
          0,
          null,
          null,
          null,
          null,
          null
        ]
      },
      "/home/erick/Workspace/Current/ES/Projeto/CAMAAR/app/models/avaliacao.rb": {
        "lines": [
          null,
          null,
          null,
          null,
          1,
          null
        ]
      },
      "/home/erick/Workspace/Current/ES/Projeto/CAMAAR/app/controllers/sigin_controller.rb": {
        "lines": [
          null,
          null,
          null,
          1,
          null,
          null,
          null,
          null,
          null,
          null,
          null,
          1,
          null,
          null,
          null,
          null,
          null,
          null,
          null,
          null,
          null,
          1,
          4,
          null,
          4,
          3,
          2,
          null,
          1,
          1,
          null,
          null,
          1,
          1,
          null,
          null,
          null
        ]
      },
      "/home/erick/Workspace/Current/ES/Projeto/CAMAAR/app/models/turma.rb": {
        "lines": [
          null,
          null,
          null,
          null,
          null,
          null,
          null,
          1,
          1,
          1,
          1,
          null
        ]
      },
      "/home/erick/Workspace/Current/ES/Projeto/CAMAAR/app/models/template.rb": {
        "lines": [
          null,
          null,
          null,
          null,
          null,
          null,
          null,
          1,
          1,
          1,
          1,
          null
        ]
      },
      "/home/erick/Workspace/Current/ES/Projeto/CAMAAR/app/controllers/gerenciamento_controller.rb": {
        "lines": [
          null,
          null,
          null,
          1,
          null,
          null,
          null,
          null,
          null,
          null,
          null,
          1,
          null,
          null,
          null,
          null,
          null,
          null,
          null,
          null,
          null,
          1,
          5,
          5,
          5,
          null,
          null,
          null,
          null,
          null,
          null,
          null,
          null,
          null,
          1,
          2,
          null,
          2,
          1,
          1,
          null,
          1,
          1,
          1,
          1,
          null,
          null,
          null,
          1,
          null,
          null,
          null,
          null,
          null,
          null,
          null,
          null,
          1,
          2,
          2,
          null,
          null
        ]
      },
      "/home/erick/Workspace/Current/ES/Projeto/CAMAAR/app/models/questionario.rb": {
        "lines": [
          null,
          null,
          null,
          null,
          null,
          null,
          null,
          null,
          null,
          null,
          null,
          null,
          null,
          null,
          null,
          null,
          null,
          null,
          1,
          1,
          1,
          1,
          1,
          null,
          1,
          1,
          1,
          null
        ]
      },
      "/home/erick/Workspace/Current/ES/Projeto/CAMAAR/app/controllers/formularios_controller.rb": {
        "lines": [
          null,
          null,
          null,
          1,
          null,
          null,
          null,
          null,
          null,
          null,
          null,
          1,
          1,
          0,
          null,
          null,
          null,
          null,
          null,
          null,
          null,
          null,
          null,
          1,
          0,
          0,
          0,
          null,
          0,
          null,
          null,
          null,
          1,
          null,
          null,
          null,
          null,
          null,
          null,
          null,
          null,
          1,
          0,
          null,
          null
        ]
      }
    },
    "timestamp": 1739976836
  },
  "Unit Tests": {
    "coverage": {
      "/home/grasper/Documents/Joao/Eng. Sof/CAMAAR/spec/rails_helper.rb": {
        "lines": [
          1,
          1,
          null,
          null,
          1,
          1,
          1,
          null,
          1,
          null,
          null,
          null,
          1,
          null,
          null,
          null,
          null,
          null,
          null,
          null,
          null,
          null,
          null,
          null,
          null,
          null,
          null,
          null,
          null,
          null,
          null,
          null,
          null,
          null,
          null,
          null,
          null,
          1,
          null,
          0,
          null,
          1,
          null,
          1,
          null,
          null,
          null,
          null,
          null,
          null,
          1,
          null,
          null,
          null,
          null,
          null,
          null,
          null,
          null,
          null,
          null,
          null,
          null,
          null,
          null,
          null,
          null,
          null,
          null,
          null,
          null,
          null,
          null,
          1,
          null,
          null,
          null,
          null,
          1,
          1,
          null,
          null,
          1,
          1,
          0,
          null,
          null
        ]
      },
      "/home/grasper/Documents/Joao/Eng. Sof/CAMAAR/config/environment.rb": {
        "lines": [
          null,
          1,
          null,
          null,
          1
        ]
      },
      "/home/grasper/Documents/Joao/Eng. Sof/CAMAAR/config/application.rb": {
        "lines": [
          1,
          null,
          1,
          null,
          null,
          null,
          1,
          null,
          1,
          1,
          null,
          1,
          null,
          null,
          null,
          null,
          1,
          null,
          null,
          null,
          null,
          null,
          null,
          null,
          null,
          null,
          null
        ]
      },
      "/home/grasper/Documents/Joao/Eng. Sof/CAMAAR/config/boot.rb": {
        "lines": [
          1,
          null,
          1,
          1
        ]
      },
      "/home/grasper/Documents/Joao/Eng. Sof/CAMAAR/config/environments/test.rb": {
        "lines": [
          null,
          null,
          null,
          null,
          null,
          1,
          null,
          null,
          null,
          1,
          null,
          null,
          null,
          null,
          null,
          1,
          null,
          null,
          1,
          null,
          null,
          1,
          1,
          null,
          null,
          1,
          null,
          null,
          1,
          null,
          null,
          1,
          null,
          null,
          null,
          null,
          1,
          null,
          null,
          1,
          null,
          null,
          1,
          null,
          null,
          null,
          null,
          null,
          null,
          null,
          null,
          1,
          null
        ]
      },
      "/home/grasper/Documents/Joao/Eng. Sof/CAMAAR/config/initializers/assets.rb": {
        "lines": [
          null,
          null,
          null,
          1,
          null,
          null,
          null
        ]
      },
      "/home/grasper/Documents/Joao/Eng. Sof/CAMAAR/config/initializers/content_security_policy.rb": {
        "lines": [
          null,
          null,
          null,
          null,
          null,
          null,
          null,
          null,
          null,
          null,
          null,
          null,
          null,
          null,
          null,
          null,
          null,
          null,
          null,
          null,
          null,
          null,
          null,
          null,
          null
        ]
      },
      "/home/grasper/Documents/Joao/Eng. Sof/CAMAAR/config/initializers/filter_parameter_logging.rb": {
        "lines": [
          null,
          null,
          null,
          null,
          null,
          1,
          null,
          null
        ]
      },
      "/home/grasper/Documents/Joao/Eng. Sof/CAMAAR/config/initializers/inflections.rb": {
        "lines": [
          null,
          null,
          null,
          null,
          null,
          null,
          null,
          null,
          null,
          null,
          null,
          null,
          null,
          null,
          null,
          null
        ]
      },
      "/home/grasper/Documents/Joao/Eng. Sof/CAMAAR/config/initializers/session_store.rb": {
        "lines": []
      },
      "/home/grasper/Documents/Joao/Eng. Sof/CAMAAR/spec/factories/departamento.rb": {
        "lines": [
          1,
          1,
          1,
          null,
          null
        ]
      },
      "/home/grasper/Documents/Joao/Eng. Sof/CAMAAR/spec/factories/materia.rb": {
        "lines": [
          1,
          1,
          1,
          1,
          1,
          null,
          null
        ]
      },
      "/home/grasper/Documents/Joao/Eng. Sof/CAMAAR/spec/factories/template.rb": {
        "lines": [
          1,
          1,
          1,
          1,
          1,
          null,
          null
        ]
      },
      "/home/grasper/Documents/Joao/Eng. Sof/CAMAAR/spec/factories/turma.rb": {
        "lines": [
          1,
          1,
          1,
          1,
          1,
          null,
          null
        ]
      },
      "/home/grasper/Documents/Joao/Eng. Sof/CAMAAR/spec/factories/users.rb": {
        "lines": [
          1,
          1,
          1,
          1,
          1,
          1,
          1,
          null,
          null
        ]
      },
      "/home/grasper/Documents/Joao/Eng. Sof/CAMAAR/app/helpers/application_helper.rb": {
        "lines": [
          1,
          null
        ]
      },
      "/home/grasper/Documents/Joao/Eng. Sof/CAMAAR/app/helpers/formularios_helper.rb": {
        "lines": [
          1,
          null
        ]
      },
      "/home/grasper/Documents/Joao/Eng. Sof/CAMAAR/app/helpers/password_resets_helper.rb": {
        "lines": [
          1,
          null
        ]
      },
      "/home/grasper/Documents/Joao/Eng. Sof/CAMAAR/app/helpers/passwords_set_helper.rb": {
        "lines": [
          1,
          null
        ]
      },
      "/home/grasper/Documents/Joao/Eng. Sof/CAMAAR/test/controllers/password_resets_controller_test.rb": {
        "lines": [
          1,
          null,
          1,
          1,
          1,
          null,
          1,
          0,
          null,
          0,
          0,
          0,
          null,
          null,
          null,
          null,
          1,
          0,
          null,
          0,
          0,
          null
        ]
      },
      "/home/grasper/Documents/Joao/Eng. Sof/CAMAAR/app/controllers/password_resets_controller.rb": {
        "lines": [
          1,
          1,
          null,
          null,
          1,
          0,
          0,
          0,
          0,
          0,
          null,
          0,
          0,
          null,
          null,
          null,
          1,
          0,
          0,
          0,
          null,
          0,
          null,
          null,
          null,
          1,
          0,
          null,
          0,
          0,
          0,
          0,
          0,
          0,
          0,
          0,
          0,
          null,
          0,
          0,
          null,
          null,
          0,
          null,
          null,
          null
        ]
      },
      "/home/grasper/Documents/Joao/Eng. Sof/CAMAAR/app/controllers/application_controller.rb": {
        "lines": [
          1,
          null,
          1,
          null
        ]
      }
    },
    "timestamp": 1739920821
  }
}
